#
# A fatal error has been detected by the Java Runtime Environment:
#
#  Internal Error (javaClasses.cpp:126), pid=2044, tid=6560
#  fatal error: Invalid layout of preloaded class
#
# JRE version:  (8.0_20-b26) (build )
# Java VM: Java HotSpot(TM) 64-Bit Server VM (25.20-b23 mixed mode windows-amd64 compressed oops)
# Failed to write core dump. Minidumps are not enabled by default on client versions of Windows
#
# If you would like to submit a bug report, please visit:
#   http://bugreport.sun.com/bugreport/crash.jsp
#

---------------  T H R E A D  ---------------

Current thread (0x0000000002090800):  JavaThread "Unknown thread" [_thread_in_vm, id=6560, stack(0x0000000001f10000,0x0000000002010000)]

Stack: [0x0000000001f10000,0x0000000002010000]
Native frames: (J=compiled Java code, j=interpreted, Vv=VM code, C=native code)
V  [jvm.dll+0x3152fa]
V  [jvm.dll+0x265d03]
V  [jvm.dll+0x266943]
V  [jvm.dll+0x25e1e6]
V  [jvm.dll+0x5e64c]
V  [jvm.dll+0x5e743]
V  [jvm.dll+0x7316a]
V  [jvm.dll+0x734c8]
V  [jvm.dll+0xe3937]
V  [jvm.dll+0xe3cc6]
V  [jvm.dll+0x1f89d7]
V  [jvm.dll+0x229fc4]
V  [jvm.dll+0x14c6f1]
C  [javaw.exe+0x20c6]
C  [javaw.exe+0xc9eb]
C  [javaw.exe+0xca7f]
C  [KERNEL32.DLL+0x13d2]
C  [ntdll.dll+0x6e954]


---------------  P R O C E S S  ---------------

Java Threads: ( => current thread )

Other Threads:

=>0x0000000002090800 (exited) JavaThread "Unknown thread" [_thread_in_vm, id=6560, stack(0x0000000001f10000,0x0000000002010000)]

VM state:not at safepoint (not fully initialized)

VM Mutex/Monitor currently owned by a thread: None

GC Heap History (0 events):
No events

Deoptimization events (0 events):
No events

Internal exceptions (0 events):
No events

Events (10 events):
Event: 0.044 loading class java/lang/CharSequence done
Event: 0.044 loading class java/lang/String done
Event: 0.044 loading class java/lang/Class
Event: 0.045 loading class java/lang/reflect/AnnotatedElement
Event: 0.045 loading class java/lang/reflect/AnnotatedElement done
Event: 0.045 loading class java/lang/reflect/GenericDeclaration
Event: 0.045 loading class java/lang/reflect/GenericDeclaration done
Event: 0.045 loading class java/lang/reflect/Type
Event: 0.045 loading class java/lang/reflect/Type done
Event: 0.045 loading class java/lang/Class done


Dynamic libraries:
0x00007ff601430000 - 0x00007ff601464000 	C:\Program Files\Java\jre1.8.0_20\bin\javaw.exe
0x00007ff9b59b0000 - 0x00007ff9b5b5c000 	C:\Windows\SYSTEM32\ntdll.dll
0x00007ff9b56b0000 - 0x00007ff9b57ee000 	C:\Windows\system32\KERNEL32.DLL
0x00007ff9b2bd0000 - 0x00007ff9b2ce5000 	C:\Windows\system32\KERNELBASE.dll
0x00007ff9b14f0000 - 0x00007ff9b157e000 	C:\Windows\system32\apphelp.dll
0x00007ff9a88f0000 - 0x00007ff9a8943000 	C:\Windows\AppPatch\AppPatch64\AcGenral.DLL
0x00007ff9b3e40000 - 0x00007ff9b3eea000 	C:\Windows\system32\msvcrt.dll
0x00007ff9b29a0000 - 0x00007ff9b29ce000 	C:\Windows\SYSTEM32\SspiCli.dll
0x00007ff9b3700000 - 0x00007ff9b3754000 	C:\Windows\system32\SHLWAPI.dll
0x00007ff9b3f00000 - 0x00007ff9b4077000 	C:\Windows\system32\USER32.dll
0x00007ff9b3550000 - 0x00007ff9b36e4000 	C:\Windows\system32\ole32.dll
0x00007ff9b40e0000 - 0x00007ff9b55f8000 	C:\Windows\system32\SHELL32.dll
0x00007ff9b2120000 - 0x00007ff9b2141000 	C:\Windows\SYSTEM32\USERENV.dll
0x00007ff9b5600000 - 0x00007ff9b56aa000 	C:\Windows\system32\ADVAPI32.dll
0x00007ff9aea60000 - 0x00007ff9aea7e000 	C:\Windows\SYSTEM32\MPR.dll
0x00007ff9b57f0000 - 0x00007ff9b5931000 	C:\Windows\system32\RPCRT4.dll
0x00007ff9b4080000 - 0x00007ff9b40d9000 	C:\Windows\SYSTEM32\sechost.dll
0x00007ff9b3760000 - 0x00007ff9b3971000 	C:\Windows\SYSTEM32\combase.dll
0x00007ff9b33b0000 - 0x00007ff9b3501000 	C:\Windows\system32\GDI32.dll
0x00007ff9b2b00000 - 0x00007ff9b2b15000 	C:\Windows\SYSTEM32\profapi.dll
0x00007ff9b0c20000 - 0x00007ff9b0cd2000 	C:\Windows\SYSTEM32\SHCORE.dll
0x00007ff9b3510000 - 0x00007ff9b3546000 	C:\Windows\system32\IMM32.DLL
0x00007ff9b3980000 - 0x00007ff9b3ad1000 	C:\Windows\system32\MSCTF.dll
0x00007ff9b02b0000 - 0x00007ff9b052b000 	C:\Windows\WinSxS\amd64_microsoft.windows.common-controls_6595b64144ccf1df_6.0.9600.17415_none_6240486fecbd8abb\COMCTL32.dll
0x0000000067410000 - 0x00000000674e2000 	C:\Program Files\Java\jre1.8.0_20\bin\msvcr100.dll
0x0000000066bb0000 - 0x0000000067408000 	C:\Program Files\Java\jre1.8.0_20\bin\server\jvm.dll
0x00007ff9ae4e0000 - 0x00007ff9ae4e9000 	C:\Windows\SYSTEM32\WSOCK32.dll
0x00007ff9a6f40000 - 0x00007ff9a6f62000 	C:\Windows\SYSTEM32\WINMM.dll
0x00007ff9b33a0000 - 0x00007ff9b33a7000 	C:\Windows\system32\PSAPI.DLL
0x00007ff9b3de0000 - 0x00007ff9b3e3a000 	C:\Windows\system32\WS2_32.dll
0x00007ff9a6f10000 - 0x00007ff9a6f3a000 	C:\Windows\SYSTEM32\WINMMBASE.dll
0x00007ff9b3c00000 - 0x00007ff9b3c09000 	C:\Windows\system32\NSI.dll
0x00007ff9b2fe0000 - 0x00007ff9b302f000 	C:\Windows\SYSTEM32\cfgmgr32.dll
0x00007ff9b18f0000 - 0x00007ff9b1918000 	C:\Windows\SYSTEM32\DEVOBJ.dll
0x0000000066ba0000 - 0x0000000066baf000 	C:\Program Files\Java\jre1.8.0_20\bin\verify.dll
0x0000000066b70000 - 0x0000000066b98000 	C:\Program Files\Java\jre1.8.0_20\bin\java.dll
0x0000000066b50000 - 0x0000000066b66000 	C:\Program Files\Java\jre1.8.0_20\bin\zip.dll
0x00007ff9b0750000 - 0x00007ff9b08da000 	C:\Windows\SYSTEM32\dbghelp.dll

VM Arguments:
jvm_args: -Dfile.encoding=Cp1252 -Xbootclasspath:C:\Users\Albert\Development\ADT Bundle\sdk\platforms\android-20\android.jar 
java_command: binarybuddysystem.Driver
java_class_path (initial): C:\Users\Albert\workspace\PushupCounter\bin\classes;C:\Users\Albert\workspace\PushupCounter\libs\android-support-v4.jar;C:\Users\Albert\workspace\PushupCounter\libs\GraphView-3.1.2.jar
Launcher Type: SUN_STANDARD

Environment Variables:
PATH=C:\ProgramData\Oracle\Java\javapath;C:\Windows\system32;C:\Windows;C:\Windows\System32\Wbem;C:\Windows\System32\WindowsPowerShell\v1.0\;C:\Program Files\TortoiseSVN\bin;C:\Program Files (x86)\Windows Kits\8.1\Windows Performance Toolkit\;C:\Program Files (x86)\Microsoft SDKs\TypeScript\1.0\;c:\path\to\jdk\bin;C:\ProgramData\Oracle\Java\javapath;C:\Windows\system32;C:\Windows;C:\Windows\System32\Wbem;C:\Windows\System32\WindowsPowerShell\v1.0\;C:\Program Files\TortoiseSVN\bin;C:\Program Files (x86)\Windows Kits\8.1\Windows Performance Toolkit\;C:\Program Files (x86)\Microsoft SDKs\TypeScript\1.0\;c:\path\to\jdk\bin;C:\Users\Albert\AppData\Local\VanDyke Software\Clients\
USERNAME=Albert
OS=Windows_NT
PROCESSOR_IDENTIFIER=Intel64 Family 6 Model 42 Stepping 7, GenuineIntel



---------------  S Y S T E M  ---------------

OS: Windows 8.1 , 64 bit Build 9600 

CPU:total 8 (4 cores per cpu, 2 threads per core) family 6 model 42 stepping 7, cmov, cx8, fxsr, mmx, sse, sse2, sse3, ssse3, sse4.1, sse4.2, popcnt, avx, aes, clmul, ht, tsc, tscinvbit

Memory: 4k page, physical 8160396k(3959304k free), swap 10519692k(2436408k free)

vm_info: Java HotSpot(TM) 64-Bit Server VM (25.20-b23) for windows-amd64 JRE (1.8.0_20-b26), built on Jul 30 2014 13:51:23 by "java_re" with MS VC++ 10.0 (VS2010)

time: Tue Apr 07 18:03:12 2015
elapsed time: 0 seconds (0d 0h 0m 0s)

